<?xml version="1.0" encoding="UTF-8"?>
<!-- Generated by org.testng.reporters.JUnitReportReporter -->
<testsuite skipped="0" hostname="ThankYouKrishna" name="com.orange.qa.testcases.HomePageTest" tests="2" failures="0" timestamp="2020-04-11T15:07:02 BST" time="20.639" errors="0">
  <testcase name="verifyHomePageTitleTest" time="9.462" classname="com.orange.qa.testcases.HomePageTest"/>
  <system-out/>
  <testcase name="verifyRecruitmentLinkTest" time="11.177" classname="com.orange.qa.testcases.HomePageTest"/>
  <system-out/>
</testsuite> <!-- com.orange.qa.testcases.HomePageTest -->
