<?xml version="1.0" encoding="UTF-8"?>
<!-- Generated by org.testng.reporters.JUnitReportReporter -->
<testsuite skipped="0" hostname="ThankYouKrishna" name="com.orange.qa.testcases.LoginPageTest" tests="3" failures="0" timestamp="2020-04-11T15:07:02 BST" time="22.126" errors="0">
  <testcase name="loginPageTitleTest" time="7.035" classname="com.orange.qa.testcases.LoginPageTest"/>
  <system-out/>
  <testcase name="forgotPasswordLinkTest" time="6.744" classname="com.orange.qa.testcases.LoginPageTest"/>
  <system-out/>
  <testcase name="loginTest" time="8.347" classname="com.orange.qa.testcases.LoginPageTest"/>
  <system-out/>
</testsuite> <!-- com.orange.qa.testcases.LoginPageTest -->
